# JRE version: Java(TM) SE Runtime Environment (22.0.1+8) (build 22.0.1+8-16)
# Java VM: Java HotSpot(TM) 64-Bit Server VM (22.0.1+8-16, mixed mode, sharing, tiered, compressed oops, compressed class ptrs, g1 gc, windows-amd64)
GC Precious Log:
 CardTable entry size: 512
 Card Set container configuration: InlinePtr #cards 5 size 8 Array Of Cards #cards 12 size 40 Howl #buckets 4 coarsen threshold 1843 Howl Bitmap #cards 512 size 80 coarsen threshold 460 Card regions per heap region 1 cards per card region 2048
 CPUs: 8 total, 8 available
 Memory: 7926M
 Large Page Support: Disabled
 NUMA Support: Disabled
 Compressed Oops: Enabled (32-bit)
 Heap Region Size: 1M
 Heap Min Capacity: 8M
 Heap Initial Capacity: 124M
 Heap Max Capacity: 1982M
 Pre-touch: Disabled
 Parallel Workers: 8
 Concurrent Workers: 2
 Concurrent Refinement Workers: 8
 Periodic GC: Disabled
Heap:
 garbage-first heap   total reserved 2029568K, committed 73728K, used 42667K [0x0000000084200000, 0x0000000100000000)
  region size 1024K, 11 young (11264K), 1 survivors (1024K)
 Metaspace       used 76607K, committed 77312K, reserved 1179648K
  class space    used 10513K, committed 10816K, reserved 1048576K
GC Heap History (20 events):
Event: 12.550 GC heap before
{Heap before GC invocations=14 (full 0):
 garbage-first heap   total reserved 2029568K, committed 73728K, used 63027K [0x0000000084200000, 0x0000000100000000)
  region size 1024K, 36 young (36864K), 3 survivors (3072K)
 Metaspace       used 73422K, committed 74176K, reserved 1114112K
  class space    used 10267K, committed 10560K, reserved 1048576K
}
Event: 12.559 GC heap after
{Heap after GC invocations=15 (full 0):
 garbage-first heap   total reserved 2029568K, committed 73728K, used 33627K [0x0000000084200000, 0x0000000100000000)
  region size 1024K, 5 young (5120K), 5 survivors (5120K)
 Metaspace       used 73422K, committed 74176K, reserved 1114112K
  class space    used 10267K, committed 10560K, reserved 1048576K
}
Event: 13.349 GC heap before
{Heap before GC invocations=15 (full 0):
 garbage-first heap   total reserved 2029568K, committed 73728K, used 62299K [0x0000000084200000, 0x0000000100000000)
  region size 1024K, 34 young (34816K), 5 survivors (5120K)
 Metaspace       used 75705K, committed 76416K, reserved 1179648K
  class space    used 10510K, committed 10816K, reserved 1048576K
}
Event: 13.357 GC heap after
{Heap after GC invocations=16 (full 0):
 garbage-first heap   total reserved 2029568K, committed 73728K, used 35099K [0x0000000084200000, 0x0000000100000000)
  region size 1024K, 2 young (2048K), 2 survivors (2048K)
 Metaspace       used 75705K, committed 76416K, reserved 1179648K
  class space    used 10510K, committed 10816K, reserved 1048576K
}
Event: 13.935 GC heap before
{Heap before GC invocations=16 (full 0):
 garbage-first heap   total reserved 2029568K, committed 73728K, used 63771K [0x0000000084200000, 0x0000000100000000)
  region size 1024K, 31 young (31744K), 2 survivors (2048K)
 Metaspace       used 76076K, committed 76800K, reserved 1179648K
  class space    used 10510K, committed 10816K, reserved 1048576K
}
Event: 13.938 GC heap after
{Heap after GC invocations=17 (full 0):
 garbage-first heap   total reserved 2029568K, committed 73728K, used 34880K [0x0000000084200000, 0x0000000100000000)
  region size 1024K, 1 young (1024K), 1 survivors (1024K)
 Metaspace       used 76076K, committed 76800K, reserved 1179648K
  class space    used 10510K, committed 10816K, reserved 1048576K
}
Event: 14.472 GC heap before
{Heap before GC invocations=18 (full 0):
 garbage-first heap   total reserved 2029568K, committed 73728K, used 64576K [0x0000000084200000, 0x0000000100000000)
  region size 1024K, 31 young (31744K), 1 survivors (1024K)
 Metaspace       used 76439K, committed 77120K, reserved 1179648K
  class space    used 10510K, committed 10816K, reserved 1048576K
}
Event: 14.475 GC heap after
{Heap after GC invocations=19 (full 0):
 garbage-first heap   total reserved 2029568K, committed 73728K, used 34743K [0x0000000084200000, 0x0000000100000000)
  region size 1024K, 1 young (1024K), 1 survivors (1024K)
 Metaspace       used 76439K, committed 77120K, reserved 1179648K
  class space    used 10510K, committed 10816K, reserved 1048576K
}
Event: 15.360 GC heap before
{Heap before GC invocations=19 (full 0):
 garbage-first heap   total reserved 2029568K, committed 73728K, used 65463K [0x0000000084200000, 0x0000000100000000)
  region size 1024K, 32 young (32768K), 1 survivors (1024K)
 Metaspace       used 76551K, committed 77248K, reserved 1179648K
  class space    used 10511K, committed 10816K, reserved 1048576K
}
Event: 15.365 GC heap after
{Heap after GC invocations=20 (full 0):
 garbage-first heap   total reserved 2029568K, committed 73728K, used 33788K [0x0000000084200000, 0x0000000100000000)
  region size 1024K, 1 young (1024K), 1 survivors (1024K)
 Metaspace       used 76551K, committed 77248K, reserved 1179648K
  class space    used 10511K, committed 10816K, reserved 1048576K
}
Event: 16.670 GC heap before
{Heap before GC invocations=20 (full 0):
 garbage-first heap   total reserved 2029568K, committed 73728K, used 65532K [0x0000000084200000, 0x0000000100000000)
  region size 1024K, 33 young (33792K), 1 survivors (1024K)
 Metaspace       used 76588K, committed 77312K, reserved 1179648K
  class space    used 10511K, committed 10816K, reserved 1048576K
}
Event: 16.673 GC heap after
{Heap after GC invocations=21 (full 0):
 garbage-first heap   total reserved 2029568K, committed 73728K, used 33803K [0x0000000084200000, 0x0000000100000000)
  region size 1024K, 1 young (1024K), 1 survivors (1024K)
 Metaspace       used 76588K, committed 77312K, reserved 1179648K
  class space    used 10511K, committed 10816K, reserved 1048576K
}
Event: 17.823 GC heap before
{Heap before GC invocations=22 (full 0):
 garbage-first heap   total reserved 2029568K, committed 73728K, used 65547K [0x0000000084200000, 0x0000000100000000)
  region size 1024K, 33 young (33792K), 1 survivors (1024K)
 Metaspace       used 76589K, committed 77312K, reserved 1179648K
  class space    used 10511K, committed 10816K, reserved 1048576K
}
Event: 17.826 GC heap after
{Heap after GC invocations=23 (full 0):
 garbage-first heap   total reserved 2029568K, committed 73728K, used 33754K [0x0000000084200000, 0x0000000100000000)
  region size 1024K, 1 young (1024K), 1 survivors (1024K)
 Metaspace       used 76589K, committed 77312K, reserved 1179648K
  class space    used 10511K, committed 10816K, reserved 1048576K
}
Event: 19.105 GC heap before
{Heap before GC invocations=23 (full 0):
 garbage-first heap   total reserved 2029568K, committed 73728K, used 65498K [0x0000000084200000, 0x0000000100000000)
  region size 1024K, 33 young (33792K), 1 survivors (1024K)
 Metaspace       used 76591K, committed 77312K, reserved 1179648K
  class space    used 10511K, committed 10816K, reserved 1048576K
}
Event: 19.108 GC heap after
{Heap after GC invocations=24 (full 0):
 garbage-first heap   total reserved 2029568K, committed 73728K, used 33439K [0x0000000084200000, 0x0000000100000000)
  region size 1024K, 1 young (1024K), 1 survivors (1024K)
 Metaspace       used 76591K, committed 77312K, reserved 1179648K
  class space    used 10511K, committed 10816K, reserved 1048576K
}
Event: 20.364 GC heap before
{Heap before GC invocations=24 (full 0):
 garbage-first heap   total reserved 2029568K, committed 73728K, used 66207K [0x0000000084200000, 0x0000000100000000)
  region size 1024K, 34 young (34816K), 1 survivors (1024K)
 Metaspace       used 76591K, committed 77312K, reserved 1179648K
  class space    used 10511K, committed 10816K, reserved 1048576K
}
Event: 20.367 GC heap after
{Heap after GC invocations=25 (full 0):
 garbage-first heap   total reserved 2029568K, committed 73728K, used 33410K [0x0000000084200000, 0x0000000100000000)
  region size 1024K, 1 young (1024K), 1 survivors (1024K)
 Metaspace       used 76591K, committed 77312K, reserved 1179648K
  class space    used 10511K, committed 10816K, reserved 1048576K
}
Event: 21.644 GC heap before
{Heap before GC invocations=26 (full 0):
 garbage-first heap   total reserved 2029568K, committed 73728K, used 66178K [0x0000000084200000, 0x0000000100000000)
  region size 1024K, 34 young (34816K), 1 survivors (1024K)
 Metaspace       used 76607K, committed 77312K, reserved 1179648K
  class space    used 10513K, committed 10816K, reserved 1048576K
}
Event: 21.647 GC heap after
{Heap after GC invocations=27 (full 0):
 garbage-first heap   total reserved 2029568K, committed 73728K, used 33451K [0x0000000084200000, 0x0000000100000000)
  region size 1024K, 1 young (1024K), 1 survivors (1024K)
 Metaspace       used 76607K, committed 77312K, reserved 1179648K
  class space    used 10513K, committed 10816K, reserved 1048576K
}

